2025-04-06 01:28:12,413 - __main__ - INFO - Starting SwiftAssist server...
2025-04-06 01:28:12,415 - waitress - INFO - Serving on http://0.0.0.0:5000
2025-04-06 01:29:22,834 - __main__ - INFO - Incoming OPTIONS request to /api/chat
2025-04-06 01:29:22,835 - __main__ - INFO - Incoming POST request to /api/chat
2025-04-06 01:29:22,836 - app - ERROR - Exception on /api/chat [POST]
Traceback (most recent call last):
  File "C:\Users\Shriswarup Sawant\Documents\Participations\MINDBEND\SWIFTASSIST\chatbot\venv\Lib\site-packages\flask\app.py", line 1463, in wsgi_app
    response = self.full_dispatch_request()
               ^^^^^^^^^^^^^^^^^^^^^^^^^^^^
  File "C:\Users\Shriswarup Sawant\Documents\Participations\MINDBEND\SWIFTASSIST\chatbot\venv\Lib\site-packages\flask\app.py", line 872, in full_dispatch_request
    rv = self.handle_user_exception(e)
         ^^^^^^^^^^^^^^^^^^^^^^^^^^^^^
  File "C:\Users\Shriswarup Sawant\Documents\Participations\MINDBEND\SWIFTASSIST\chatbot\venv\Lib\site-packages\flask_cors\extension.py", line 176, in wrapped_function
    return cors_after_request(app.make_response(f(*args, **kwargs)))
                                                ^^^^^^^^^^^^^^^^^^
  File "C:\Users\Shriswarup Sawant\Documents\Participations\MINDBEND\SWIFTASSIST\chatbot\venv\Lib\site-packages\flask\app.py", line 870, in full_dispatch_request
    rv = self.dispatch_request()
         ^^^^^^^^^^^^^^^^^^^^^^^
  File "C:\Users\Shriswarup Sawant\Documents\Participations\MINDBEND\SWIFTASSIST\chatbot\venv\Lib\site-packages\flask\app.py", line 855, in dispatch_request
    return self.ensure_sync(self.view_functions[rule.endpoint])(**view_args)  # type: ignore[no-any-return]
           ^^^^^^^^^^^^^^^^^^^^^^^^^^^^^^^^^^^^^^^^^^^^^^^^^^^^
  File "C:\Users\Shriswarup Sawant\Documents\Participations\MINDBEND\SWIFTASSIST\chatbot\venv\Lib\site-packages\flask\app.py", line 929, in ensure_sync
    return self.async_to_sync(func)
           ^^^^^^^^^^^^^^^^^^^^^^^^
  File "C:\Users\Shriswarup Sawant\Documents\Participations\MINDBEND\SWIFTASSIST\chatbot\venv\Lib\site-packages\flask\app.py", line 950, in async_to_sync
    raise RuntimeError(
RuntimeError: Install Flask with the 'async' extra in order to use async views.
2025-04-06 01:29:24,597 - __main__ - INFO - Incoming POST request to /api/chat
2025-04-06 01:29:24,598 - app - ERROR - Exception on /api/chat [POST]
Traceback (most recent call last):
  File "C:\Users\Shriswarup Sawant\Documents\Participations\MINDBEND\SWIFTASSIST\chatbot\venv\Lib\site-packages\flask\app.py", line 1463, in wsgi_app
    response = self.full_dispatch_request()
               ^^^^^^^^^^^^^^^^^^^^^^^^^^^^
  File "C:\Users\Shriswarup Sawant\Documents\Participations\MINDBEND\SWIFTASSIST\chatbot\venv\Lib\site-packages\flask\app.py", line 872, in full_dispatch_request
    rv = self.handle_user_exception(e)
         ^^^^^^^^^^^^^^^^^^^^^^^^^^^^^
  File "C:\Users\Shriswarup Sawant\Documents\Participations\MINDBEND\SWIFTASSIST\chatbot\venv\Lib\site-packages\flask_cors\extension.py", line 176, in wrapped_function
    return cors_after_request(app.make_response(f(*args, **kwargs)))
                                                ^^^^^^^^^^^^^^^^^^
  File "C:\Users\Shriswarup Sawant\Documents\Participations\MINDBEND\SWIFTASSIST\chatbot\venv\Lib\site-packages\flask\app.py", line 870, in full_dispatch_request
    rv = self.dispatch_request()
         ^^^^^^^^^^^^^^^^^^^^^^^
  File "C:\Users\Shriswarup Sawant\Documents\Participations\MINDBEND\SWIFTASSIST\chatbot\venv\Lib\site-packages\flask\app.py", line 855, in dispatch_request
    return self.ensure_sync(self.view_functions[rule.endpoint])(**view_args)  # type: ignore[no-any-return]
           ^^^^^^^^^^^^^^^^^^^^^^^^^^^^^^^^^^^^^^^^^^^^^^^^^^^^
  File "C:\Users\Shriswarup Sawant\Documents\Participations\MINDBEND\SWIFTASSIST\chatbot\venv\Lib\site-packages\flask\app.py", line 929, in ensure_sync
    return self.async_to_sync(func)
           ^^^^^^^^^^^^^^^^^^^^^^^^
  File "C:\Users\Shriswarup Sawant\Documents\Participations\MINDBEND\SWIFTASSIST\chatbot\venv\Lib\site-packages\flask\app.py", line 950, in async_to_sync
    raise RuntimeError(
RuntimeError: Install Flask with the 'async' extra in order to use async views.
2025-04-06 01:29:26,517 - __main__ - INFO - Incoming POST request to /api/chat
2025-04-06 01:29:26,518 - app - ERROR - Exception on /api/chat [POST]
Traceback (most recent call last):
  File "C:\Users\Shriswarup Sawant\Documents\Participations\MINDBEND\SWIFTASSIST\chatbot\venv\Lib\site-packages\flask\app.py", line 1463, in wsgi_app
    response = self.full_dispatch_request()
               ^^^^^^^^^^^^^^^^^^^^^^^^^^^^
  File "C:\Users\Shriswarup Sawant\Documents\Participations\MINDBEND\SWIFTASSIST\chatbot\venv\Lib\site-packages\flask\app.py", line 872, in full_dispatch_request
    rv = self.handle_user_exception(e)
         ^^^^^^^^^^^^^^^^^^^^^^^^^^^^^
  File "C:\Users\Shriswarup Sawant\Documents\Participations\MINDBEND\SWIFTASSIST\chatbot\venv\Lib\site-packages\flask_cors\extension.py", line 176, in wrapped_function
    return cors_after_request(app.make_response(f(*args, **kwargs)))
                                                ^^^^^^^^^^^^^^^^^^
  File "C:\Users\Shriswarup Sawant\Documents\Participations\MINDBEND\SWIFTASSIST\chatbot\venv\Lib\site-packages\flask\app.py", line 870, in full_dispatch_request
    rv = self.dispatch_request()
         ^^^^^^^^^^^^^^^^^^^^^^^
  File "C:\Users\Shriswarup Sawant\Documents\Participations\MINDBEND\SWIFTASSIST\chatbot\venv\Lib\site-packages\flask\app.py", line 855, in dispatch_request
    return self.ensure_sync(self.view_functions[rule.endpoint])(**view_args)  # type: ignore[no-any-return]
           ^^^^^^^^^^^^^^^^^^^^^^^^^^^^^^^^^^^^^^^^^^^^^^^^^^^^
  File "C:\Users\Shriswarup Sawant\Documents\Participations\MINDBEND\SWIFTASSIST\chatbot\venv\Lib\site-packages\flask\app.py", line 929, in ensure_sync
    return self.async_to_sync(func)
           ^^^^^^^^^^^^^^^^^^^^^^^^
  File "C:\Users\Shriswarup Sawant\Documents\Participations\MINDBEND\SWIFTASSIST\chatbot\venv\Lib\site-packages\flask\app.py", line 950, in async_to_sync
    raise RuntimeError(
RuntimeError: Install Flask with the 'async' extra in order to use async views.
2025-04-06 01:29:33,108 - __main__ - INFO - Incoming POST request to /api/chat
2025-04-06 01:29:33,108 - app - ERROR - Exception on /api/chat [POST]
Traceback (most recent call last):
  File "C:\Users\Shriswarup Sawant\Documents\Participations\MINDBEND\SWIFTASSIST\chatbot\venv\Lib\site-packages\flask\app.py", line 1463, in wsgi_app
    response = self.full_dispatch_request()
               ^^^^^^^^^^^^^^^^^^^^^^^^^^^^
  File "C:\Users\Shriswarup Sawant\Documents\Participations\MINDBEND\SWIFTASSIST\chatbot\venv\Lib\site-packages\flask\app.py", line 872, in full_dispatch_request
    rv = self.handle_user_exception(e)
         ^^^^^^^^^^^^^^^^^^^^^^^^^^^^^
  File "C:\Users\Shriswarup Sawant\Documents\Participations\MINDBEND\SWIFTASSIST\chatbot\venv\Lib\site-packages\flask_cors\extension.py", line 176, in wrapped_function
    return cors_after_request(app.make_response(f(*args, **kwargs)))
                                                ^^^^^^^^^^^^^^^^^^
  File "C:\Users\Shriswarup Sawant\Documents\Participations\MINDBEND\SWIFTASSIST\chatbot\venv\Lib\site-packages\flask\app.py", line 870, in full_dispatch_request
    rv = self.dispatch_request()
         ^^^^^^^^^^^^^^^^^^^^^^^
  File "C:\Users\Shriswarup Sawant\Documents\Participations\MINDBEND\SWIFTASSIST\chatbot\venv\Lib\site-packages\flask\app.py", line 855, in dispatch_request
    return self.ensure_sync(self.view_functions[rule.endpoint])(**view_args)  # type: ignore[no-any-return]
           ^^^^^^^^^^^^^^^^^^^^^^^^^^^^^^^^^^^^^^^^^^^^^^^^^^^^
  File "C:\Users\Shriswarup Sawant\Documents\Participations\MINDBEND\SWIFTASSIST\chatbot\venv\Lib\site-packages\flask\app.py", line 929, in ensure_sync
    return self.async_to_sync(func)
           ^^^^^^^^^^^^^^^^^^^^^^^^
  File "C:\Users\Shriswarup Sawant\Documents\Participations\MINDBEND\SWIFTASSIST\chatbot\venv\Lib\site-packages\flask\app.py", line 950, in async_to_sync
    raise RuntimeError(
RuntimeError: Install Flask with the 'async' extra in order to use async views.
2025-04-06 01:30:56,237 - __main__ - INFO - Starting SwiftAssist server...
2025-04-06 01:30:56,239 - waitress - INFO - Serving on http://0.0.0.0:5000
2025-04-06 01:31:03,171 - __main__ - INFO - Incoming POST request to /api/chat
2025-04-06 01:31:03,181 - __main__ - INFO - Processing message: Flat Tire...
2025-04-06 01:31:06,616 - __main__ - INFO - Incoming POST request to /api/chat
2025-04-06 01:31:06,618 - __main__ - INFO - Processing message: Dead Battery...
2025-04-06 01:31:10,362 - __main__ - INFO - Generated audio: b5bac90d4c094aa6bf0ebacd9b570369.mp3
2025-04-06 01:31:15,475 - __main__ - INFO - Incoming POST request to /api/chat
2025-04-06 01:31:15,476 - __main__ - INFO - Processing message: Flat Tire...
2025-04-06 01:31:27,397 - __main__ - INFO - Incoming POST request to /api/chat
2025-04-06 01:31:27,399 - __main__ - INFO - Processing message: Dead Battery...
2025-04-06 01:31:27,522 - __main__ - INFO - Generated audio: db6addb72f8b420ca728caf3cc044384.mp3
2025-04-06 01:31:29,275 - __main__ - INFO - Incoming POST request to /api/chat
2025-04-06 01:31:29,276 - __main__ - INFO - Processing message: Dead Battery...
2025-04-06 01:31:30,250 - __main__ - INFO - Incoming POST request to /api/chat
2025-04-06 01:31:30,251 - __main__ - INFO - Processing message: Dead Battery...
2025-04-06 01:31:30,715 - __main__ - INFO - Generated audio: c8cd3f988ac3422f8e4f069d6ccaa027.mp3
2025-04-06 01:31:32,170 - __main__ - INFO - Incoming POST request to /api/chat
2025-04-06 01:31:32,171 - __main__ - INFO - Processing message: Dead Battery...
2025-04-06 01:31:34,708 - __main__ - INFO - Generated audio: 5b55cbeae82c4f809fc262feca9b498c.mp3
2025-04-06 01:31:35,774 - __main__ - INFO - Generated audio: 2a3cbc05eeee4309ad32a0239d8d083f.mp3
2025-04-06 01:31:38,600 - __main__ - INFO - Generated audio: c262c6d5b3b2441b914777acb09c8519.mp3
2025-04-06 01:31:38,857 - __main__ - INFO - Generated audio: f3edd8cac74c407084dad811f38168d6.mp3
2025-04-06 01:40:43,610 - __main__ - INFO - Incoming POST request to /api/chat
2025-04-06 01:40:43,611 - __main__ - INFO - Processing message: Flat Tire...
2025-04-06 01:40:49,691 - __main__ - INFO - Generated audio: 35e802bbc6d844a398f6ade6be72f24e.mp3
2025-04-06 01:41:01,501 - __main__ - INFO - Incoming POST request to /api/chat
2025-04-06 01:41:01,504 - __main__ - INFO - Processing message: Flat Tire...
2025-04-06 01:41:04,694 - __main__ - INFO - Incoming POST request to /api/chat
2025-04-06 01:41:04,695 - __main__ - INFO - Processing message: Flat Tire...
2025-04-06 01:41:07,412 - __main__ - INFO - Generated audio: 84728cf19d5948dabfe8faa2ebc548ff.mp3
2025-04-06 01:41:11,346 - __main__ - INFO - Generated audio: 9cd177c760844c929eb7c708cfe4125a.mp3
2025-04-06 01:46:00,077 - __main__ - INFO - Incoming POST request to /api/chat
2025-04-06 01:46:00,078 - __main__ - INFO - Processing message: Flat Tire...
2025-04-06 01:46:02,830 - __main__ - INFO - Incoming POST request to /api/chat
2025-04-06 01:46:02,832 - __main__ - INFO - Processing message: Dead Battery...
2025-04-06 01:46:08,898 - __main__ - INFO - Generated audio: fd1eb9513c574fe081aca942dc09b748.mp3
2025-04-06 01:46:10,472 - __main__ - INFO - Generated audio: e5e4ab85a2f04b1eaf02a4adb028c50e.mp3
2025-04-06 01:49:04,327 - __main__ - INFO - Incoming POST request to /api/chat
2025-04-06 01:49:04,328 - __main__ - INFO - Processing message: Flat Tire...
2025-04-06 01:49:12,379 - __main__ - INFO - Generated audio: 322e7cc2b09d4641a58b0fefdd309aa7.mp3
2025-04-06 01:52:27,149 - __main__ - INFO - Starting SwiftAssist server...
2025-04-06 01:52:27,151 - waitress - INFO - Serving on http://0.0.0.0:5000
2025-04-06 01:52:33,995 - __main__ - INFO - Incoming POST request to /api/chat
2025-04-06 01:52:33,996 - __main__ - INFO - Processing message: Flat Tire...
2025-04-06 01:52:33,996 - __main__ - ERROR - Chat handler error: name 'generate_response' is not defined
Traceback (most recent call last):
  File "C:\Users\Shriswarup Sawant\Documents\Participations\MINDBEND\SWIFTASSIST\chatbot\app.py", line 116, in chat_handler
    response = generate_response(message)
               ^^^^^^^^^^^^^^^^^
NameError: name 'generate_response' is not defined
